0.417 1.067 0.345 1.741 0.439 2.604 0.309 1.717 0.522 -0.534 0.317 1.679 0.214 3.56 0.365 2.548 0.375 2.641 0.377 3.149 0.4 1.041 0.571 0.886 1.13 28.1
0.385 0.806 0.318 1.931 0.496 2.976 0.431 1.224 0.494 -0.237 0.291 1.936 0.241 3.565 0.344 2.702 0.378 2.297 0.425 3.227 0.378 1.404 0.578 1.056 1.12 28.39
0.394 0.911 0.321 1.899 0.494 2.679 0.418 0.829 0.544 -0.287 0.321 1.905 0.454 3.453 0.417 2.682 0.36 2.502 0.427 3.317 0.385 1.059 0.628 0.564 1.14 28.89
0.385 0.861 0.293 1.929 0.489 2.909 0.426 1.286 0.567 -0.398 0.293 1.971 0.34 3.639 0.348 3.03 0.398 2.722 0.433 3.646 0.385 1.046 0.585 0.952 1.13 28.82
0.396 1.033 0.294 1.588 0.477 3.063 0.326 1.231 0.567 -0.491 0.297 2.021 0.304 3.381 0.334 2.829 0.388 2.449 0.424 3.351 0.383 0.815 0.64 1.107 1.12 28.46
0.497 1.211 0.28 1.921 0.438 2.932 0.408 1.497 0.577 -0.713 0.326 1.489 0.045 3.684 0.364 2.889 0.317 2.429 0.354 3.382 0.387 1.014 0.621 1.231 1.13 29.03
0.395 0.926 0.322 1.779 0.502 2.818 0.364 1.283 0.529 -0.644 0.292 1.93 0.467 3.523 0.387 2.847 0.371 2.777 0.431 4.002 0.32 1.061 0.56 0.915 1.13 28.89
0.424 0.702 0.312 1.586 0.476 2.807 0.429 1.187 0.523 -0.671 0.264 1.706 0.206 3.464 0.374 2.814 0.351 2.581 0.472 3.205 0.409 1.445 0.571 0.903 1.12 28.24
0.41 0.894 0.303 1.279 0.471 2.595 0.414 1.371 0.526 -0.413 0.345 1.637 0.217 3.603 0.37 2.837 0.383 2.381 0.348 3.444 0.37 0.984 0.624 0.879 1.12 29.1
0.405 1.031 0.342 1.569 0.457 3.141 0.388 1.476 0.582 -0.647 0.367 1.677 0.489 3.587 0.351 2.788 0.346 2.724 0.406 3.656 0.407 1.011 0.609 0.856 1.13 28.67
0.402 1.033 0.276 1.636 0.478 3.07 0.381 1.271 0.578 -0.275 0.288 1.839 0.185 3.869 0.308 2.744 0.367 2.699 0.391 3.771 0.4 1.127 0.51 0.96 1.12 28.46
0.443 0.92 0.31 1.616 0.461 3.102 0.43 1.388 0.514 -0.623 0.291 1.519 0.047 3.656 0.37 2.744 0.357 2.506 0.388 3.604 0.388 0.766 0.587 1.031 1.13 28.82
0.417 1.218 0.347 1.619 0.404 3.321 0.369 1.172 0.56 -0.434 0.239 1.752 0.251 3.634 0.364 2.683 0.402 2.597 0.39 3.515 0.401 0.94 0.586 0.776 1.13 29.25
0.408 0.971 0.321 1.647 0.436 3.134 0.42 0.776 0.543 -0.752 0.281 1.812 0.002 3.454 0.322 2.567 0.369 2.46 0.451 3.541 0.359 0.941 0.618 0.431 1.13 28.46
0.359 1.174 0.333 1.654 0.485 3.137 0.379 1.123 0.569 -0.698 0.315 1.426 0.185 3.76 0.348 2.742 0.352 2.636 0.426 4.108 0.349 1.373 0.626 0.779 1.12 28.53
0.383 1.098 0.286 1.741 0.489 2.609 0.4 1.249 0.528 -0.446 0.298 1.733 0.234 3.565 0.37 2.65 0.44 2.399 0.401 3.644 0.318 0.909 0.627 0.669 1.12 28.82
0.383 1.212 0.295 1.756 0.404 2.793 0.38 1.186 0.534 -0.379 0.312 1.987 0.208 3.738 0.379 2.624 0.37 2.566 0.434 3.575 0.404 1.321 0.564 0.921 1.12 29.1
0.414 1.072 0.278 1.589 0.47 3.5 0.397 1.377 0.525 -0.784 0.341 1.894 0.208 3.61 0.297 2.942 0.387 2.692 0.441 3.754 0.353 0.854 0.586 0.981 1.12 29.03
0.465 1.232 0.315 2.118 0.477 2.656 0.403 1.094 0.521 -0.756 0.332 1.402 0.171 3.666 0.301 2.76 0.369 2.339 0.382 3.81 0.347 1.016 0.63 1.107 1.12 28.82
0.422 0.748 0.348 1.776 0.478 2.824 0.378 1.355 0.52 -0.439 0.283 1.639 0.244 3.552 0.347 2.828 0.415 2.6 0.429 3.471 0.379 1.201 0.651 0.549 1.12 28.89
0.428 0.919 0.348 1.67 0.466 3.143 0.367 1.471 0.516 -0.455 0.291 1.777 0.297 3.644 0.339 2.668 0.385 2.531 0.457 3.369 0.374 0.917 0.609 0.773 1.12 28.53
0.313 1.088 0.331 1.847 0.519 3.037 0.376 1.623 0.544 -0.94 0.3 1.967 0.19 3.842 0.318 2.857 0.375 2.53 0.378 3.492 0.378 1.382 0.638 1.007 1.11 28.96
0.365 1.043 0.317 2.163 0.485 2.656 0.363 1.097 0.566 -0.579 0.363 1.974 0.244 3.621 0.385 2.672 0.321 2.632 0.411 3.449 0.373 1.109 0.581 0.872 1.11 28.74
0.403 1.031 0.321 1.969 0.486 2.867 0.421 1.526 0.582 -0.427 0.26 1.994 0.174 3.63 0.334 2.649 0.421 2.679 0.424 3.681 0.318 1.367 0.598 0.847 1.12 28.74
0.359 1.111 0.352 1.681 0.462 2.899 0.369 1.181 0.561 -0.699 0.272 1.712 0.203 3.467 0.307 2.753 0.348 2.549 0.441 3.646 0.38 0.942 0.59 1.038 1.12 28.74
0.399 0.862 0.281 1.834 0.453 2.851 0.362 1.597 0.532 -0.771 0.32 1.767 0.171 3.688 0.328 2.783 0.326 2.509 0.426 3.688 0.36 0.982 0.628 0.646 1.12 29.17
0.433 1.171 0.313 1.603 0.482 2.661 0.405 1.141 0.539 -0.404 0.312 1.729 0.201 3.511 0.317 2.799 0.402 2.47 0.47 3.506 0.36 0.736 0.583 0.439 1.12 28.6
0.428 0.822 0.296 1.846 0.482 3.096 0.432 0.993 0.567 -0.224 0.319 1.584 0.212 3.589 0.331 2.705 0.381 2.766 0.367 3.859 0.372 1.128 0.612 0.574 1.12 28.6
0.385 1.264 0.312 1.761 0.51 2.867 0.452 1.212 0.54 -0.548 0.317 1.912 0.25 3.631 0.352 2.917 0.392 2.641 0.433 3.309 0.325 1.024 0.603 1.076 1.12 28.89
0.414 0.971 0.275 1.474 0.503 2.723 0.399 1.104 0.556 -0.551 0.3 1.552 0.497 3.423 0.323 3.024 0.365 2.516 0.444 3.771 0.362 0.899 0.628 0.969 1.12 28.6
0.404 1.178 0.317 1.959 0.497 2.698 0.394 1.586 0.559 -0.704 0.268 1.892 0.248 3.597 0.35 2.758 0.354 2.721 0.418 3.364 0.391 1.086 0.596 0.916 1.12 28.89
0.403 0.77 0.284 1.94 0.427 2.564 0.394 0.742 0.518 -0.417 0.307 1.571 0.095 3.416 0.332 2.541 0.349 2.362 0.408 3.898 0.334 1.125 0.572 0.818 1.13 28.46
0.444 0.949 0.288 1.921 0.492 2.902 0.362 1.342 0.574 -0.454 0.352 1.794 0.231 3.88 0.416 2.859 0.343 2.529 0.44 3.437 0.328 0.707 0.588 0.944 1.12 29.25
0.465 0.894 0.273 1.734 0.496 3.069 0.405 1.158 0.535 -0.522 0.288 1.856 0.294 3.59 0.347 2.75 0.376 2.496 0.461 3.619 0.442 1.301 0.623 0.73 1.12 28.74
0.371 0.874 0.282 1.877 0.437 3.003 0.401 0.914 0.556 -0.439 0.294 1.794 0.18 3.611 0.318 2.665 0.364 2.484 0.453 3.87 0.407 1.211 0.639 1.321 1.12 28.6
0.369 0.876 0.327 1.862 0.486 2.828 0.327 1.449 0.544 -0.661 0.326 1.993 0.227 3.612 0.379 2.695 0.407 2.649 0.404 3.67 0.367 1.146 0.586 0.95 1.13 28.74
0.402 0.884 0.367 1.679 0.473 3.07 0.389 1.561 0.521 -0.354 0.295 1.703 0.158 3.521 0.322 2.845 0.402 2.671 0.419 3.419 0.335 1.154 0.565 0.865 1.12 28.82
0.368 0.792 0.3 1.529 0.502 2.908 0.384 1.298 0.564 -0.621 0.307 1.97 0.242 3.661 0.349 2.676 0.393 2.316 0.477 3.464 0.362 1.308 0.626 0.579 1.13 28.17
0.332 1.137 0.329 1.468 0.44 3.058 0.409 1.574 0.558 -0.246 0.28 1.717 0.129 3.594 0.301 2.816 0.391 2.481 0.372 3.294 0.413 0.664 0.599 0.586 1.11 28.67
0.43 0.689 0.276 1.774 0.549 3.099 0.345 1.54 0.555 -0.829 0.267 1.778 0.179 3.684 0.331 2.452 0.362 2.639 0.405 3.162 0.393 0.851 0.598 0.779 1.12 29.03
0.394 1.168 0.329 1.584 0.473 3.205 0.358 0.684 0.489 -0.401 0.327 2.069 0.161 3.564 0.347 2.59 0.407 2.506 0.411 3.211 0.336 1.082 0.556 0.958 1.12 28.89
0.38 1.095 0.334 1.829 0.462 2.644 0.403 1.133 0.549 -0.605 0.318 1.754 0.175 3.564 0.361 2.766 0.379 2.679 0.416 3.284 0.407 1.387 0.61 0.666 1.13 28.74
0.359 0.981 0.351 1.772 0.456 2.851 0.351 1.067 0.499 -0.877 0.348 2.209 0.139 3.531 0.361 2.632 0.326 2.552 0.467 3.911 0.388 0.887 0.602 0.689 1.12 28.17
0.428 1.519 0.333 1.468 0.472 2.594 0.376 1.407 0.523 -0.372 0.334 1.604 0.267 3.645 0.387 2.893 0.342 2.574 0.466 3.531 0.429 1.053 0.64 1.201 1.12 29.03
0.386 0.916 0.289 1.932 0.461 3.174 0.406 1.038 0.591 -0.567 0.298 1.722 0.163 3.609 0.351 2.81 0.395 2.644 0.464 3.611 0.341 1.087 0.537 0.997 1.12 29.1
0.481 1.182 0.317 1.771 0.485 2.844 0.372 1.536 0.494 -0.479 0.344 1.702 0.234 3.702 0.356 2.53 0.339 2.454 0.42 3.607 0.329 1.079 0.576 0.881 1.12 28.89
0.443 0.984 0.328 1.724 0.47 3.132 0.406 1.337 0.555 -0.703 0.292 2.059 0.235 3.839 0.312 2.694 0.406 2.373 0.434 3.837 0.36 1.246 0.594 1.179 1.12 28.74
0.443 0.616 0.375 1.956 0.472 3.044 0.398 1.373 0.552 -0.483 0.316 2.02 0.218 3.678 0.297 2.929 0.355 2.822 0.446 3.313 0.413 0.943 0.581 1.051 1.12 28.74
0.392 0.755 0.341 2.037 0.483 2.964 0.379 1.285 0.555 -0.482 0.351 1.975 0.294 3.706 0.364 2.702 0.469 2.491 0.393 3.049 0.329 0.804 0.6 0.855 1.13 29.03
0.382 1.033 0.32 1.842 0.452 2.801 0.404 1.103 0.584 -0.374 0.348 1.49 0.142 3.753 0.338 3.002 0.35 2.619 0.381 3.382 0.401 1.154 0.622 0.78 1.13 28.74
0.399 0.828 0.354 1.592 0.445 2.691 0.384 1.079 0.544 -0.739 0.316 1.422 0.199 3.754 0.383 2.835 0.359 2.484 0.438 3.344 0.351 1.148 0.604 1.183 1.13 28.74
0.46 1.233 0.272 1.765 0.47 2.866 0.373 1.604 0.485 -0.684 0.346 1.962 0.256 3.688 0.318 2.805 0.349 2.279 0.413 3.553 0.361 0.903 0.553 1.156 1.12 28.82
0.409 1.0 0.31 1.896 0.456 2.694 0.392 0.924 0.495 -0.534 0.352 1.777 0.093 3.534 0.327 2.414 0.362 2.18 0.417 3.891 0.291 0.884 0.579 0.764 1.12 28.74
0.491 0.949 0.291 1.61 0.497 2.877 0.377 0.989 0.533 -0.498 0.302 1.964 0.193 3.518 0.337 2.826 0.351 3.019 0.397 3.711 0.423 0.774 0.626 0.477 1.12 28.31
0.442 1.153 0.297 1.759 0.469 2.606 0.397 1.304 0.553 -0.646 0.28 1.495 0.189 3.617 0.327 2.787 0.386 2.449 0.375 3.576 0.42 1.034 0.606 1.204 1.12 28.67
0.385 0.856 0.306 1.729 0.46 3.105 0.449 1.146 0.563 -0.721 0.326 1.732 0.312 3.612 0.354 2.778 0.315 2.567 0.403 3.416 0.392 0.875 0.579 0.8 1.11 28.67
0.381 1.016 0.32 2.038 0.43 2.964 0.429 1.663 0.584 -0.474 0.317 1.769 0.161 3.711 0.331 2.734 0.345 2.529 0.393 3.409 0.358 1.024 0.607 1.009 1.11 29.46
0.38 1.191 0.276 1.458 0.458 3.002 0.329 1.163 0.557 -0.666 0.279 1.681 0.127 3.538 0.364 2.784 0.384 2.597 0.418 3.779 0.346 1.193 0.516 0.792 1.12 28.74
0.393 0.814 0.278 1.27 0.428 3.394 0.363 1.432 0.586 -0.417 0.291 1.972 0.102 3.666 0.318 2.726 0.368 2.657 0.413 3.614 0.342 1.34 0.564 1.027 1.12 28.6
0.38 0.969 0.297 1.578 0.517 3.024 0.413 1.308 0.571 -0.809 0.311 1.898 0.378 3.532 0.353 2.485 0.351 2.756 0.421 3.749 0.374 0.869 0.617 0.649 1.13 29.1
0.446 0.572 0.305 1.761 0.511 2.936 0.374 1.308 0.518 -0.901 0.312 1.691 0.208 3.758 0.38 2.848 0.353 2.491 0.41 3.44 0.421 0.649 0.65 0.541 1.12 28.82
0.452 0.946 0.352 2.096 0.431 3.158 0.37 1.234 0.576 -0.669 0.301 1.949 0.326 3.51 0.382 2.747 0.372 2.318 0.474 3.492 0.38 1.305 0.635 0.886 1.13 28.67
0.391 0.815 0.36 1.827 0.445 3.113 0.409 0.995 0.578 -0.637 0.359 1.534 0.217 3.654 0.356 2.759 0.382 2.732 0.442 3.873 0.462 1.133 0.566 0.935 1.13 28.74
0.455 1.141 0.312 1.884 0.504 2.932 0.439 1.212 0.531 -0.493 0.27 1.71 0.193 3.474 0.374 2.5 0.418 2.731 0.41 3.746 0.381 0.956 0.579 0.826 1.12 28.1
0.401 0.916 0.326 1.879 0.523 2.956 0.367 1.609 0.508 -0.787 0.25 1.975 0.19 3.497 0.395 2.869 0.415 2.624 0.434 3.044 0.398 1.055 0.543 0.886 1.13 28.82
0.399 0.629 0.328 1.322 0.446 3.338 0.38 0.653 0.528 -0.909 0.307 1.286 0.198 3.572 0.354 2.929 0.358 2.576 0.471 3.817 0.34 0.788 0.574 0.908 1.12 28.82
0.394 1.031 0.355 1.891 0.423 2.878 0.396 0.842 0.48 -0.403 0.301 1.885 0.227 3.48 0.365 2.734 0.359 2.622 0.44 3.623 0.389 1.25 0.614 0.929 1.12 28.89
0.4 1.16 0.341 1.668 0.504 2.988 0.437 1.214 0.555 -0.673 0.38 1.653 0.356 3.662 0.35 2.648 0.383 2.544 0.435 3.672 0.405 0.809 0.543 0.956 1.13 29.1
0.374 1.404 0.331 1.57 0.463 2.951 0.428 1.401 0.536 -0.388 0.333 1.725 0.119 3.518 0.396 2.502 0.371 2.344 0.418 3.534 0.384 1.196 0.632 0.927 1.13 28.74
0.411 0.818 0.309 1.797 0.459 3.17 0.377 0.958 0.529 -0.822 0.317 1.449 0.047 3.463 0.347 2.725 0.408 2.725 0.437 3.638 0.375 1.224 0.563 1.104 1.12 28.74
0.442 1.211 0.302 1.497 0.434 2.916 0.399 1.581 0.527 -0.635 0.302 1.986 0.222 3.826 0.341 2.803 0.378 2.827 0.436 3.795 0.394 0.942 0.578 1.065 1.12 28.03
0.432 0.684 0.365 1.789 0.476 2.984 0.389 1.154 0.567 -0.517 0.325 1.831 0.359 3.594 0.4 2.797 0.42 2.319 0.408 3.569 0.375 1.22 0.629 1.114 1.12 28.67
0.43 0.957 0.376 1.674 0.461 3.071 0.396 1.27 0.598 -0.861 0.295 1.94 0.417 3.505 0.332 2.683 0.392 2.836 0.366 3.742 0.34 0.914 0.593 0.799 1.12 28.67
0.36 1.131 0.329 1.708 0.487 2.688 0.367 1.378 0.529 -0.647 0.352 1.507 0.175 3.697 0.3 2.668 0.413 2.497 0.459 3.622 0.405 1.222 0.594 0.938 1.12 28.17
0.427 0.784 0.308 1.511 0.499 2.546 0.423 1.619 0.574 -0.534 0.31 1.459 0.368 3.589 0.366 2.907 0.418 2.571 0.426 3.676 0.353 0.901 0.603 0.836 1.12 28.89
0.389 1.194 0.303 1.702 0.481 2.937 0.37 1.294 0.562 -0.556 0.302 1.779 0.066 3.447 0.361 2.779 0.425 2.677 0.429 3.674 0.35 0.993 0.597 1.148 1.12 29.03
0.368 0.793 0.336 1.796 0.409 2.98 0.384 0.996 0.523 -0.362 0.324 1.591 0.148 3.307 0.33 2.474 0.367 2.405 0.489 3.514 0.365 1.193 0.597 0.864 1.12 28.82
0.389 1.084 0.337 1.82 0.45 2.8 0.356 1.102 0.573 -0.694 0.324 1.327 0.303 3.568 0.335 2.741 0.35 2.828 0.445 3.694 0.436 1.136 0.611 0.667 1.12 29.03
0.438 0.896 0.255 1.431 0.467 2.576 0.415 1.077 0.509 -0.545 0.274 1.987 0.157 3.514 0.365 2.555 0.357 2.434 0.479 3.631 0.346 1.244 0.575 0.893 1.13 28.82
0.449 1.313 0.341 2.016 0.514 2.721 0.369 1.212 0.544 -0.702 0.302 1.639 0.209 3.414 0.346 2.666 0.43 2.587 0.401 3.722 0.382 0.736 0.577 0.772 1.11 28.96
0.353 0.958 0.288 2.16 0.434 2.898 0.422 1.173 0.573 -0.561 0.322 1.974 0.404 3.603 0.344 2.567 0.39 2.19 0.465 3.497 0.368 1.093 0.59 0.929 1.12 29.17
0.366 1.005 0.3 1.462 0.454 2.906 0.386 1.416 0.591 -0.558 0.285 1.821 0.103 3.368 0.333 2.781 0.362 2.728 0.415 3.478 0.426 1.018 0.586 1.067 1.12 28.96
0.365 1.117 0.338 1.648 0.42 2.732 0.433 1.117 0.556 -0.576 0.332 1.51 0.442 3.648 0.331 2.756 0.407 2.467 0.409 3.279 0.406 0.74 0.535 1.258 1.11 28.74
0.375 0.708 0.35 1.544 0.424 2.751 0.409 1.296 0.547 -0.477 0.268 1.446 0.249 3.491 0.345 2.741 0.349 2.6 0.434 3.541 0.403 1.205 0.593 0.879 1.12 29.03
0.384 0.849 0.335 1.852 0.478 2.954 0.384 0.828 0.568 -0.449 0.299 1.803 0.356 3.604 0.332 2.581 0.355 2.376 0.439 3.535 0.407 1.093 0.608 0.801 1.13 29.25
0.436 0.831 0.257 1.743 0.467 2.902 0.363 1.344 0.565 -0.698 0.363 1.896 0.169 3.542 0.343 2.806 0.382 2.491 0.443 3.617 0.359 1.489 0.595 0.94 1.12 28.89
0.381 0.65 0.331 1.871 0.48 2.829 0.372 1.497 0.531 -0.477 0.313 2.217 0.145 3.765 0.338 2.904 0.39 2.474 0.389 3.511 0.37 0.813 0.601 0.882 1.12 28.82
0.399 1.288 0.302 1.762 0.471 2.821 0.338 1.012 0.561 -0.798 0.359 2.119 0.264 3.733 0.38 2.831 0.389 2.511 0.393 3.069 0.38 0.962 0.591 0.748 1.12 28.89
0.418 0.649 0.282 2.146 0.508 3.082 0.349 1.39 0.564 -0.471 0.311 1.744 0.181 3.611 0.314 2.63 0.358 2.463 0.374 3.563 0.428 0.931 0.58 0.78 1.12 28.53
0.482 0.911 0.291 1.629 0.455 2.754 0.37 0.764 0.529 -0.536 0.364 1.574 0.323 3.569 0.334 2.739 0.403 2.511 0.356 3.325 0.349 0.916 0.614 0.809 1.13 29.25
0.361 1.485 0.303 1.69 0.479 2.962 0.386 1.364 0.571 -0.164 0.334 1.802 0.254 3.562 0.38 2.708 0.356 2.662 0.431 4.008 0.391 1.053 0.58 0.996 1.13 28.74
0.409 0.766 0.382 1.796 0.446 2.743 0.388 1.166 0.518 -0.668 0.326 1.528 0.182 3.793 0.386 2.781 0.368 2.87 0.436 3.416 0.371 1.055 0.582 0.497 1.12 28.24
0.389 0.984 0.324 1.714 0.504 3.086 0.373 1.039 0.548 -0.544 0.297 1.849 0.217 3.722 0.395 2.64 0.396 2.728 0.388 3.548 0.339 0.931 0.587 0.919 1.11 29.17
0.37 1.043 0.344 1.514 0.496 3.207 0.35 0.889 0.503 -0.615 0.31 1.641 0.191 3.466 0.377 2.739 0.357 2.321 0.374 3.268 0.351 0.731 0.582 1.049 1.11 28.46
0.395 1.139 0.336 1.801 0.454 3.066 0.374 1.462 0.518 -0.759 0.334 1.584 0.164 3.456 0.335 2.771 0.329 2.372 0.42 3.469 0.338 0.902 0.554 1.022 1.13 28.67
0.411 0.776 0.289 2.111 0.521 2.776 0.422 1.191 0.57 -0.723 0.357 1.487 0.271 3.54 0.36 2.819 0.348 2.527 0.425 3.716 0.361 1.163 0.656 0.809 1.13 28.67
0.414 0.876 0.39 2.042 0.446 2.919 0.416 0.586 0.55 -0.699 0.297 1.949 0.231 3.501 0.382 2.773 0.4 2.524 0.358 3.742 0.433 0.886 0.529 1.047 1.12 28.6
0.448 0.714 0.316 1.532 0.468 3.012 0.373 1.311 0.574 -0.721 0.267 1.765 0.248 3.574 0.336 2.775 0.325 2.215 0.462 3.76 0.353 1.196 0.644 0.801 1.12 29.17
0.44 1.048 0.309 1.847 0.464 2.95 0.441 1.069 0.557 -0.394 0.316 1.862 0.258 3.568 0.273 2.909 0.374 2.542 0.455 3.559 0.396 1.04 0.623 0.322 1.12 28.67
0.419 1.181 0.325 1.844 0.499 2.702 0.398 1.277 0.512 -0.528 0.287 1.939 0.145 3.61 0.284 2.573 0.413 2.227 0.395 3.536 0.367 1.374 0.551 0.725 1.13 28.6
0.401 0.511 0.338 1.311 0.454 2.786 0.406 1.314 0.598 -0.581 0.318 1.786 0.179 3.7 0.315 2.646 0.397 2.287 0.407 3.441 0.376 1.154 0.622 0.629 1.12 28.82
0.4 0.922 0.367 1.303 0.563 2.739 0.409 1.455 0.548 -0.497 0.313 1.676 -0.072 3.495 0.315 2.461 0.382 2.424 0.474 3.659 0.354 0.687 0.602 1.021 1.12 28.89
0.402 1.207 0.312 1.982 0.482 2.812 0.414 1.279 0.519 -0.321 0.349 1.838 0.449 3.634 0.355 2.559 0.393 2.763 0.44 3.474 0.346 1.019 0.603 0.986 1.12 28.89
0.375 1.054 0.31 1.918 0.463 2.459 0.351 1.259 0.56 -0.642 0.258 1.557 -0.046 3.664 0.319 2.727 0.338 2.642 0.42 3.992 0.362 0.782 0.578 0.905 1.12 28.82
0.391 0.816 0.255 2.084 0.513 2.58 0.38 1.308 0.547 -0.465 0.342 1.534 0.48 3.646 0.366 2.935 0.393 2.577 0.417 3.708 0.368 1.154 0.625 0.697 1.12 28.96
0.416 0.918 0.25 1.749 0.498 2.75 0.388 0.525 0.536 -0.539 0.304 1.611 0.445 3.621 0.304 2.424 0.396 2.869 0.495 3.842 0.391 1.139 0.59 1.193 1.13 28.53
0.4 1.061 0.286 1.51 0.497 2.911 0.381 1.149 0.547 -0.509 0.327 1.642 -0.096 3.621 0.368 2.706 0.419 2.293 0.453 3.652 0.328 0.909 0.577 1.171 1.13 28.74
0.422 0.912 0.345 1.751 0.519 2.693 0.392 1.222 0.545 -0.838 0.328 1.804 0.177 3.642 0.293 2.72 0.338 2.523 0.396 3.35 0.353 1.074 0.56 0.872 1.11 28.31
0.444 0.883 0.313 1.777 0.456 2.854 0.389 1.156 0.508 -0.677 0.326 1.55 0.173 3.665 0.302 2.808 0.36 2.696 0.453 3.556 0.428 1.129 0.602 1.002 1.13 28.89
0.405 1.176 0.283 1.628 0.473 2.954 0.4 1.489 0.507 -0.562 0.296 1.66 -0.008 3.543 0.332 2.832 0.414 2.346 0.419 3.164 0.357 0.961 0.613 1.058 1.11 28.46
0.384 0.479 0.306 1.687 0.479 2.856 0.388 1.217 0.511 -0.722 0.294 1.714 0.23 3.446 0.372 2.763 0.37 2.737 0.425 3.377 0.419 1.025 0.569 0.733 1.12 28.89
0.424 1.091 0.314 1.583 0.468 2.843 0.402 1.353 0.545 -0.506 0.282 1.789 0.146 3.665 0.335 2.558 0.358 2.683 0.437 4.076 0.415 1.076 0.566 0.804 1.12 29.1
0.434 0.939 0.331 1.669 0.42 3.247 0.451 1.386 0.544 -0.458 0.282 1.852 -0.271 3.489 0.301 2.692 0.387 2.327 0.329 3.671 0.356 1.028 0.62 0.7 1.13 28.74
0.413 0.756 0.359 1.91 0.506 2.832 0.374 1.322 0.514 -0.675 0.298 1.792 0.285 3.43 0.377 2.862 0.423 2.299 0.418 3.62 0.434 1.0 0.609 0.774 1.13 28.89
0.439 0.877 0.278 1.658 0.459 2.532 0.334 1.106 0.504 -0.167 0.327 2.132 0.268 3.343 0.339 2.589 0.385 2.481 0.419 3.576 0.39 0.904 0.615 1.006 1.12 29.03
0.439 1.141 0.353 1.886 0.457 2.924 0.425 1.238 0.505 -0.199 0.271 2.134 0.266 3.441 0.357 2.686 0.361 2.507 0.407 3.142 0.384 1.117 0.622 0.927 1.12 28.6
0.394 1.221 0.325 1.579 0.482 2.991 0.43 1.506 0.523 -0.799 0.334 1.707 0.207 3.873 0.294 2.662 0.343 2.646 0.457 3.398 0.334 1.001 0.587 0.942 1.12 28.82
0.435 0.778 0.348 1.639 0.51 2.965 0.406 1.258 0.573 -0.696 0.314 1.784 0.455 3.696 0.275 2.682 0.387 2.797 0.479 3.588 0.364 1.231 0.575 0.844 1.13 28.96
0.386 1.432 0.321 1.569 0.393 2.804 0.331 0.911 0.554 -0.254 0.292 1.844 0.192 3.664 0.381 2.699 0.368 2.642 0.452 3.062 0.377 0.914 0.522 1.017 1.11 28.74
0.451 0.915 0.3 1.674 0.483 2.567 0.358 1.49 0.585 -0.506 0.317 1.948 0.235 3.602 0.374 2.696 0.355 2.444 0.452 4.106 0.432 0.846 0.66 0.976 1.12 28.89
0.428 0.742 0.31 1.436 0.428 2.835 0.43 1.141 0.525 -0.599 0.266 1.61 0.26 3.497 0.371 2.571 0.373 2.444 0.406 3.256 0.391 1.108 0.591 1.106 1.12 28.74
0.435 1.128 0.285 1.539 0.433 3.204 0.44 0.921 0.58 -0.314 0.309 1.534 0.493 3.532 0.36 2.888 0.365 2.699 0.438 3.521 0.352 1.107 0.589 0.764 1.12 28.89
0.447 0.725 0.292 1.831 0.478 2.824 0.395 1.141 0.563 -0.392 0.26 1.273 0.102 3.774 0.266 2.708 0.407 2.629 0.412 3.652 0.354 1.025 0.615 1.002 1.11 28.6
0.379 0.972 0.288 1.999 0.457 3.054 0.415 1.337 0.516 -0.344 0.309 1.823 0.206 3.682 0.325 2.628 0.374 2.643 0.402 3.844 0.358 1.046 0.591 0.76 1.12 29.03
0.461 0.874 0.329 1.794 0.464 2.872 0.421 1.564 0.603 -0.601 0.309 2.104 0.208 3.439 0.361 2.662 0.363 2.495 0.381 3.289 0.364 1.276 0.534 1.0 1.12 29.03
0.437 1.108 0.326 1.522 0.442 2.984 0.363 0.944 0.521 -0.548 0.287 2.039 0.203 3.701 0.367 2.566 0.381 2.164 0.391 3.322 0.359 1.229 0.612 1.179 1.13 28.82
0.426 1.082 0.249 1.787 0.509 2.776 0.357 0.993 0.567 -0.416 0.332 1.752 0.38 3.581 0.293 2.773 0.385 2.486 0.428 3.362 0.417 1.216 0.595 1.356 1.12 28.89
0.385 1.181 0.289 1.392 0.471 2.72 0.427 1.284 0.565 -0.689 0.343 1.506 0.231 3.548 0.399 2.822 0.368 2.526 0.458 3.935 0.383 1.143 0.61 0.996 1.12 28.82
0.435 0.797 0.271 1.661 0.483 2.846 0.388 1.216 0.565 -0.624 0.292 1.794 0.226 3.803 0.375 2.594 0.384 2.529 0.449 3.248 0.4 0.839 0.633 0.97 1.13 28.67
0.397 1.219 0.331 1.627 0.464 2.904 0.415 1.204 0.536 -0.449 0.343 1.779 -0.058 3.574 0.309 2.947 0.355 2.608 0.462 3.597 0.387 0.859 0.623 0.854 1.13 29.1
0.437 0.979 0.254 1.806 0.47 2.682 0.431 0.785 0.535 -0.464 0.273 1.803 0.249 3.659 0.301 2.635 0.354 2.567 0.428 3.509 0.391 0.923 0.591 0.607 1.11 28.89
0.439 0.836 0.346 1.893 0.446 2.856 0.385 0.859 0.53 -0.499 0.318 1.386 0.238 3.787 0.372 2.672 0.389 2.605 0.455 3.548 0.306 0.748 0.58 0.729 1.12 29.39
0.405 0.561 0.263 1.582 0.442 3.021 0.427 1.164 0.622 -0.374 0.338 1.521 0.236 3.409 0.357 2.714 0.366 2.537 0.44 3.506 0.352 0.816 0.625 1.096 1.13 28.89
0.439 1.019 0.32 1.252 0.45 2.829 0.366 1.17 0.545 -0.5 0.32 2.223 0.149 3.664 0.38 2.711 0.404 2.797 0.45 3.341 0.418 0.796 0.609 0.685 1.12 28.82
0.409 1.168 0.282 1.668 0.428 2.614 0.42 1.254 0.554 -0.577 0.258 1.622 0.242 3.57 0.369 2.757 0.336 2.545 0.401 3.502 0.406 1.046 0.558 0.686 1.13 28.74
0.46 0.905 0.277 1.602 0.5 3.0 0.415 1.566 0.551 -0.492 0.258 1.711 0.095 3.641 0.292 2.776 0.377 2.496 0.429 3.596 0.365 1.371 0.578 1.122 1.11 29.17
0.457 0.814 0.315 1.639 0.451 2.671 0.353 1.494 0.578 -0.566 0.295 2.037 0.189 3.803 0.365 2.737 0.346 2.562 0.467 3.142 0.405 1.065 0.531 0.73 1.12 29.03
0.419 0.954 0.313 2.063 0.433 2.754 0.419 0.591 0.596 -0.505 0.303 1.832 0.096 3.533 0.333 2.883 0.335 2.603 0.475 4.101 0.42 1.208 0.611 1.071 1.11 28.89
0.351 1.072 0.317 1.966 0.445 2.812 0.412 1.572 0.559 -0.814 0.343 2.099 0.172 3.466 0.336 2.702 0.395 2.566 0.505 3.336 0.413 0.996 0.562 0.986 1.13 29.03
0.405 0.877 0.362 1.775 0.488 2.759 0.379 1.2 0.537 -0.303 0.269 1.461 0.29 3.767 0.292 2.811 0.382 2.616 0.413 3.504 0.428 1.137 0.575 1.01 1.12 28.74
0.392 0.583 0.309 1.703 0.473 2.506 0.434 1.173 0.591 -0.564 0.297 1.99 0.369 3.476 0.342 2.566 0.337 2.45 0.45 3.162 0.402 0.776 0.644 0.874 1.12 28.89
0.437 0.588 0.307 1.574 0.44 2.906 0.426 0.699 0.499 -0.373 0.288 2.278 0.229 3.71 0.355 2.706 0.377 2.481 0.415 3.761 0.43 1.262 0.577 1.121 1.12 28.67
0.329 1.176 0.312 1.822 0.425 3.077 0.368 1.154 0.578 -0.512 0.282 1.512 0.176 3.557 0.368 2.72 0.389 2.628 0.411 3.292 0.353 1.173 0.611 0.741 1.12 28.24
0.403 0.774 0.348 1.775 0.497 3.024 0.358 0.959 0.477 -0.692 0.342 1.728 0.407 3.556 0.375 2.682 0.396 2.563 0.449 3.629 0.338 0.981 0.563 0.947 1.12 29.17
0.392 1.199 0.365 1.587 0.503 2.829 0.387 1.509 0.559 -0.39 0.329 1.427 0.215 3.484 0.355 2.701 0.369 2.634 0.434 4.129 0.355 0.819 0.588 0.873 1.12 28.67
0.434 0.907 0.315 1.899 0.446 2.831 0.433 1.183 0.561 -0.773 0.344 1.524 0.193 3.673 0.275 2.633 0.382 2.583 0.412 3.406 0.416 0.944 0.608 0.496 1.12 29.03
0.445 0.905 0.323 1.583 0.487 2.574 0.417 1.327 0.561 -0.22 0.315 1.729 0.281 3.594 0.331 2.846 0.408 2.741 0.474 3.505 0.394 0.934 0.574 0.839 1.12 29.03
0.417 0.917 0.31 1.859 0.444 2.754 0.381 1.339 0.539 -0.704 0.313 1.711 0.244 3.571 0.379 2.862 0.433 2.486 0.42 3.337 0.402 0.874 0.655 0.959 1.12 28.6
0.415 1.111 0.335 1.45 0.44 2.918 0.411 1.544 0.508 -0.618 0.307 1.816 0.238 3.661 0.319 2.549 0.369 2.408 0.451 3.633 0.45 0.969 0.568 0.732 1.12 29.39
0.434 1.163 0.297 1.874 0.488 3.077 0.366 0.829 0.535 -0.532 0.354 1.447 0.199 3.659 0.354 2.629 0.411 2.601 0.45 3.762 0.393 1.009 0.623 0.922 1.12 29.25
0.416 1.105 0.326 1.637 0.418 3.021 0.344 0.872 0.506 -0.558 0.312 1.975 0.536 3.424 0.331 2.922 0.337 1.943 0.419 3.747 0.44 0.933 0.645 0.756 1.12 29.39
0.37 0.922 0.356 1.817 0.477 2.746 0.42 1.069 0.598 -0.458 0.295 1.897 0.177 3.633 0.339 2.704 0.344 2.756 0.445 3.611 0.388 1.209 0.603 0.979 1.12 28.53
0.341 1.381 0.326 1.712 0.441 2.826 0.358 1.249 0.507 -0.597 0.292 1.341 0.236 3.519 0.349 2.727 0.341 2.69 0.396 3.492 0.364 0.811 0.604 0.738 1.12 29.1
0.425 1.101 0.305 1.797 0.445 2.791 0.404 1.632 0.538 -0.693 0.276 1.876 0.292 3.502 0.301 2.777 0.431 2.142 0.41 3.45 0.337 0.926 0.586 0.741 1.12 28.89
0.43 0.953 0.33 1.784 0.424 3.009 0.443 1.204 0.57 -0.438 0.319 1.964 0.227 3.668 0.371 2.525 0.39 2.878 0.396 3.646 0.403 0.955 0.593 1.249 1.13 28.46
0.431 1.226 0.282 1.851 0.407 2.867 0.413 0.972 0.518 -0.736 0.331 1.579 0.144 3.806 0.278 2.796 0.395 2.935 0.405 3.65 0.395 1.403 0.597 0.528 1.11 28.03
0.365 0.721 0.281 2.433 0.474 2.73 0.375 0.901 0.459 -0.607 0.295 1.64 0.086 3.286 0.322 2.773 0.387 2.258 0.444 3.52 0.375 1.112 0.622 0.749 1.13 28.89
0.385 0.876 0.358 1.724 0.459 3.05 0.395 1.123 0.523 -0.61 0.331 1.455 0.271 3.649 0.37 2.742 0.36 2.567 0.43 3.836 0.365 0.881 0.642 0.941 1.12 28.89
0.406 1.344 0.348 1.779 0.457 3.049 0.37 1.426 0.575 -0.338 0.321 2.057 0.18 3.57 0.35 2.717 0.365 2.524 0.391 3.992 0.358 1.107 0.58 0.919 1.13 28.46
0.43 1.004 0.297 1.477 0.476 3.096 0.377 1.222 0.555 -0.533 0.299 1.501 0.073 3.431 0.369 2.656 0.361 2.491 0.39 3.516 0.361 0.938 0.617 0.479 1.12 29.25
0.4 1.156 0.327 1.561 0.444 2.885 0.4 1.554 0.5 -0.436 0.295 1.731 0.22 3.816 0.35 2.95 0.407 2.441 0.396 3.559 0.375 1.094 0.624 1.278 1.12 28.74
0.407 0.969 0.343 1.581 0.451 2.776 0.336 1.399 0.536 -0.575 0.365 1.859 0.014 3.742 0.325 2.814 0.329 2.363 0.47 3.399 0.381 1.113 0.62 1.064 1.12 28.89
0.458 0.616 0.323 1.649 0.481 2.639 0.389 1.248 0.559 -0.471 0.384 1.957 0.145 3.581 0.306 2.533 0.355 2.678 0.438 3.756 0.364 0.789 0.56 0.89 1.12 28.67
0.409 1.012 0.31 1.724 0.475 2.793 0.424 1.064 0.574 -0.392 0.383 1.906 0.329 3.496 0.302 2.585 0.395 2.62 0.423 3.739 0.385 1.171 0.537 1.097 1.12 28.96
0.51 0.527 0.334 1.614 0.478 2.91 0.381 0.966 0.546 -0.806 0.279 2.01 0.531 3.753 0.361 2.85 0.402 2.714 0.472 3.805 0.363 1.104 0.563 0.9 1.13 28.82
0.415 0.885 0.347 1.526 0.459 2.913 0.424 1.157 0.517 -0.658 0.333 1.749 -0.239 3.583 0.295 2.711 0.417 2.669 0.437 3.649 0.391 0.869 0.674 1.039 1.12 29.25
0.416 1.067 0.32 1.839 0.435 2.719 0.387 0.777 0.531 -0.621 0.312 1.784 0.526 3.728 0.358 2.74 0.416 2.477 0.413 3.519 0.429 1.057 0.587 0.579 1.13 28.74
0.44 1.15 0.272 2.371 0.451 3.1 0.398 1.145 0.543 -0.265 0.315 1.891 0.46 3.394 0.334 3.015 0.378 2.759 0.432 3.695 0.434 0.937 0.645 0.733 1.12 29.25
0.437 1.126 0.318 1.914 0.494 2.866 0.382 1.323 0.518 -0.845 0.315 1.701 0.149 3.607 0.362 2.69 0.349 2.579 0.423 3.702 0.332 1.017 0.572 0.783 1.12 29.25
0.41 0.908 0.319 1.936 0.465 2.892 0.403 1.381 0.438 -0.577 0.257 1.854 0.221 3.656 0.358 2.727 0.399 2.86 0.404 3.402 0.336 1.148 0.557 0.812 1.12 29.03
0.387 0.979 0.308 1.69 0.486 3.105 0.378 1.086 0.499 -0.779 0.301 1.428 0.183 3.584 0.317 2.709 0.4 2.635 0.399 2.981 0.322 0.863 0.567 0.994 1.12 28.89
0.418 1.051 0.316 1.851 0.437 2.435 0.399 1.194 0.595 -0.602 0.301 2.083 0.473 3.659 0.358 2.642 0.337 2.587 0.455 3.528 0.403 1.353 0.561 0.752 1.13 29.03
0.321 0.782 0.278 1.794 0.48 3.437 0.384 1.054 0.558 -0.714 0.279 1.282 0.288 3.599 0.377 2.503 0.33 2.651 0.423 3.579 0.353 1.179 0.569 0.662 1.13 28.24
0.45 0.374 0.247 1.614 0.488 3.022 0.364 1.326 0.531 -0.588 0.319 1.74 0.241 3.598 0.315 2.689 0.383 2.429 0.395 3.634 0.368 1.108 0.602 0.697 1.12 29.1
0.467 1.183 0.311 1.637 0.429 2.886 0.408 1.516 0.571 -0.772 0.329 1.779 0.185 3.728 0.401 2.804 0.351 2.645 0.395 3.432 0.383 1.183 0.58 0.524 1.13 29.1
0.4 0.861 0.368 1.626 0.455 2.964 0.409 1.267 0.579 -0.159 0.333 1.824 0.196 3.543 0.334 2.747 0.349 2.654 0.421 3.492 0.371 0.72 0.602 0.733 1.12 28.89
0.421 0.818 0.346 1.987 0.458 2.974 0.419 0.824 0.593 -0.385 0.284 1.599 0.243 3.641 0.3 2.679 0.384 2.477 0.398 3.275 0.43 0.894 0.639 0.592 1.12 29.03
0.466 1.116 0.347 1.826 0.458 2.81 0.398 1.416 0.562 -0.758 0.28 1.946 0.197 3.761 0.295 2.806 0.335 2.846 0.402 3.388 0.423 0.887 0.553 0.796 1.12 29.25
0.406 1.016 0.354 1.744 0.488 3.028 0.442 1.465 0.559 -0.487 0.277 1.474 0.19 3.501 0.32 2.517 0.378 2.867 0.462 3.76 0.417 0.916 0.602 0.88 1.13 29.17
0.425 0.984 0.316 1.896 0.466 3.013 0.385 1.526 0.595 -0.608 0.315 1.619 0.167 3.609 0.335 2.786 0.406 2.5 0.41 3.443 0.339 1.247 0.563 0.83 1.11 29.32
0.416 1.158 0.327 1.664 0.431 3.12 0.407 1.572 0.56 -0.609 0.327 1.897 0.122 3.502 0.281 2.73 0.4 2.442 0.45 3.455 0.413 1.313 0.597 1.053 1.13 29.32
0.427 1.068 0.31 2.046 0.535 2.894 0.404 0.926 0.534 -0.476 0.285 1.838 0.193 3.51 0.337 2.816 0.406 3.117 0.427 3.806 0.372 1.34 0.651 1.188 1.12 29.25
0.447 0.819 0.284 1.657 0.478 2.566 0.41 0.669 0.595 -0.71 0.341 2.118 0.224 3.604 0.324 2.735 0.396 2.682 0.415 3.474 0.36 1.256 0.555 0.884 1.13 29.03
0.43 1.234 0.339 1.814 0.489 3.084 0.361 1.066 0.561 -0.859 0.337 1.759 0.229 3.678 0.397 2.82 0.392 2.882 0.447 3.473 0.359 1.207 0.625 0.704 1.12 28.89
0.456 1.393 0.298 1.804 0.445 2.796 0.358 0.911 0.522 -0.529 0.295 1.73 0.162 3.672 0.377 2.679 0.382 2.624 0.433 3.067 0.396 1.082 0.595 0.812 1.12 29.1
0.449 1.186 0.313 1.935 0.443 2.638 0.394 0.811 0.539 -0.464 0.292 1.755 0.188 3.875 0.337 2.804 0.369 2.563 0.425 3.562 0.37 1.059 0.583 0.958 1.12 28.6
0.455 0.702 0.312 2.034 0.459 2.981 0.364 0.844 0.544 -0.415 0.311 1.926 0.258 3.439 0.343 2.856 0.381 2.717 0.447 3.114 0.339 0.972 0.564 0.703 1.12 28.74
0.396 0.884 0.363 1.986 0.498 2.68 0.407 1.407 0.534 -0.259 0.37 1.857 0.24 3.524 0.353 2.942 0.376 2.386 0.391 3.376 0.401 1.151 0.564 1.053 1.12 29.1
0.446 0.764 0.298 1.722 0.482 3.001 0.386 1.321 0.569 -0.604 0.313 1.614 0.177 3.65 0.35 2.761 0.433 2.602 0.396 3.015 0.378 0.814 0.613 0.921 1.12 29.1
0.434 1.178 0.266 1.828 0.477 3.037 0.373 1.65 0.587 -0.501 0.346 1.604 0.355 3.805 0.361 2.821 0.41 2.42 0.446 3.332 0.352 0.688 0.613 0.993 1.12 28.96
0.424 0.856 0.343 1.604 0.482 2.997 0.333 1.011 0.56 -0.161 0.342 1.894 0.198 3.564 0.362 2.784 0.426 2.652 0.472 3.85 0.421 0.978 0.647 0.683 1.12 29.1
0.391 0.686 0.286 1.686 0.457 2.784 0.441 1.089 0.551 -0.507 0.302 1.634 0.071 3.448 0.371 2.833 0.358 2.611 0.403 3.347 0.364 1.167 0.533 0.644 1.12 28.96
0.436 1.171 0.313 1.921 0.51 2.942 0.387 1.142 0.602 -0.309 0.283 1.934 0.162 3.543 0.327 2.736 0.346 2.539 0.47 3.279 0.342 1.106 0.553 1.116 1.13 29.25
0.397 1.007 0.281 1.789 0.491 3.031 0.4 1.564 0.523 -0.469 0.321 1.536 0.255 3.614 0.305 2.824 0.38 2.38 0.4 3.562 0.365 1.2 0.583 0.882 1.13 29.03
0.461 0.704 0.293 1.438 0.445 2.844 0.428 1.419 0.522 -0.586 0.31 1.859 0.275 3.603 0.356 2.787 0.383 2.477 0.417 3.794 0.388 0.924 0.609 0.696 1.13 29.32
0.401 1.007 0.303 1.38 0.477 2.934 0.412 1.571 0.526 -0.173 0.333 1.77 0.156 3.444 0.29 2.713 0.392 2.465 0.463 3.319 0.419 1.079 0.599 0.911 1.12 29.46
0.395 0.83 0.278 1.614 0.503 2.679 0.422 1.686 0.573 -0.57 0.32 1.582 0.332 3.506 0.314 2.738 0.362 2.719 0.44 3.074 0.397 1.275 0.621 0.879 1.12 28.82
0.423 0.919 0.335 1.72 0.433 2.885 0.436 1.232 0.555 -0.553 0.338 1.564 0.34 3.432 0.315 2.617 0.318 2.374 0.423 3.735 0.368 0.986 0.57 0.868 1.11 29.25
0.363 1.277 0.23 1.556 0.464 2.813 0.413 1.426 0.544 -0.461 0.278 1.595 0.149 3.617 0.319 2.661 0.351 2.374 0.419 3.411 0.378 1.259 0.6 0.889 1.12 29.32
0.447 1.132 0.297 2.158 0.479 2.915 0.359 1.351 0.533 -0.671 0.265 1.85 0.162 3.619 0.405 2.737 0.383 2.734 0.407 3.786 0.363 1.081 0.554 0.784 1.14 28.89
0.399 0.935 0.266 1.942 0.455 2.835 0.38 1.167 0.547 -0.457 0.334 1.769 0.063 3.745 0.363 2.604 0.382 2.513 0.407 3.646 0.388 0.919 0.624 1.187 1.11 28.74
0.42 0.892 0.286 1.981 0.492 2.702 0.398 1.356 0.553 -0.469 0.337 2.021 0.201 3.585 0.301 2.783 0.387 2.678 0.452 3.581 0.393 0.936 0.636 0.562 1.11 29.53
0.456 1.088 0.326 2.172 0.497 2.982 0.385 1.662 0.524 -0.793 0.332 1.577 0.21 3.734 0.345 2.591 0.413 2.278 0.449 3.577 0.406 0.781 0.605 0.751 1.13 28.74
0.408 1.065 0.305 1.767 0.455 2.823 0.367 1.014 0.536 -0.572 0.284 1.919 0.284 3.723 0.317 2.669 0.397 2.463 0.442 3.501 0.375 1.106 0.695 0.903 1.12 29.32
0.363 0.684 0.311 1.777 0.467 2.929 0.367 1.352 0.533 -0.488 0.269 2.186 -0.072 3.582 0.365 2.801 0.41 2.507 0.406 3.614 0.422 0.902 0.576 0.926 1.11 29.32
0.401 1.01 0.322 1.705 0.487 2.772 0.384 1.322 0.541 -0.592 0.351 1.973 0.411 3.494 0.308 2.654 0.358 2.494 0.421 3.736 0.394 0.766 0.556 0.546 1.13 29.32
0.456 1.043 0.308 1.82 0.435 2.925 0.416 0.826 0.535 -0.484 0.282 1.374 0.123 3.876 0.38 2.599 0.372 2.296 0.423 3.357 0.423 1.01 0.634 0.795 1.12 28.67
0.432 1.287 0.301 1.477 0.467 2.704 0.364 1.192 0.57 -0.16 0.35 1.761 0.201 3.724 0.337 2.577 0.384 2.642 0.431 3.569 0.382 1.021 0.56 0.685 1.11 29.1
0.474 0.858 0.318 1.667 0.483 2.797 0.429 1.247 0.561 -0.585 0.357 1.878 0.184 3.716 0.371 2.753 0.357 2.734 0.393 3.532 0.379 0.875 0.592 0.351 1.12 28.74
0.336 1.064 0.3 1.642 0.416 2.586 0.395 1.059 0.522 -0.297 0.346 1.751 0.245 3.482 0.375 2.99 0.419 2.503 0.445 3.928 0.361 1.067 0.59 0.862 1.12 29.1
0.415 1.033 0.313 1.664 0.469 3.075 0.434 1.475 0.572 -0.469 0.305 1.725 0.222 3.651 0.335 2.859 0.419 2.622 0.482 3.11 0.422 0.916 0.608 0.881 1.12 28.89
0.447 1.337 0.341 1.714 0.457 2.801 0.386 1.44 0.515 -0.312 0.288 1.614 0.243 3.629 0.359 2.781 0.356 2.401 0.439 3.664 0.373 1.014 0.573 0.838 1.12 28.82
0.407 1.027 0.353 1.831 0.453 2.898 0.401 1.546 0.572 -0.663 0.292 1.767 0.194 3.776 0.342 2.813 0.381 2.731 0.454 3.686 0.36 0.982 0.609 0.731 1.13 29.17
0.345 1.056 0.3 1.841 0.467 2.739 0.387 1.459 0.538 -0.463 0.362 1.888 0.182 3.595 0.32 2.871 0.357 2.303 0.458 3.595 0.399 1.127 0.622 0.736 1.12 29.32
0.438 1.089 0.306 1.709 0.481 2.933 0.414 1.659 0.51 -0.327 0.282 2.027 0.229 3.384 0.342 2.684 0.386 2.652 0.376 4.228 0.344 0.998 0.604 1.009 1.13 29.1
0.393 0.811 0.281 1.819 0.456 2.947 0.366 1.451 0.497 -0.45 0.314 1.426 0.206 3.661 0.397 2.728 0.413 2.501 0.416 3.446 0.315 1.397 0.652 0.37 1.11 29.1
0.431 1.072 0.33 2.142 0.479 2.683 0.361 1.606 0.565 -0.71 0.252 2.109 0.169 3.604 0.316 2.582 0.366 2.58 0.376 3.186 0.322 0.965 0.55 0.752 1.11 28.74
0.399 1.186 0.278 1.549 0.509 2.585 0.43 1.267 0.564 -0.534 0.295 1.769 0.191 3.672 0.332 2.564 0.391 2.707 0.386 3.724 0.367 0.942 0.576 0.496 1.12 28.74
0.43 0.772 0.249 1.769 0.456 2.957 0.412 1.812 0.48 -0.491 0.328 1.857 0.064 3.725 0.354 2.857 0.331 2.537 0.424 3.452 0.393 1.038 0.621 0.52 1.13 28.89
0.443 0.946 0.274 1.558 0.444 2.654 0.334 1.462 0.583 -0.678 0.324 1.575 0.177 3.684 0.315 2.734 0.392 2.374 0.387 3.299 0.379 1.212 0.586 1.231 1.12 29.03
0.377 0.842 0.32 2.139 0.505 3.117 0.362 0.904 0.533 -0.507 0.274 1.639 0.187 3.764 0.396 2.498 0.388 2.408 0.443 3.637 0.406 1.175 0.597 0.44 1.12 28.89
0.38 0.871 0.295 1.917 0.428 2.784 0.403 1.577 0.561 -0.709 0.311 1.583 0.285 3.596 0.361 2.591 0.386 2.525 0.387 3.409 0.318 0.956 0.563 0.912 1.12 28.74
0.416 0.738 0.334 1.376 0.476 3.021 0.376 0.548 0.545 -0.56 0.329 1.494 -0.029 3.567 0.376 2.817 0.408 2.815 0.476 3.597 0.363 1.017 0.538 0.917 1.13 29.25
0.429 1.014 0.302 1.938 0.414 3.067 0.409 1.183 0.515 -0.317 0.268 1.81 0.219 3.581 0.389 2.766 0.377 2.38 0.454 2.974 0.356 1.229 0.571 0.595 1.12 29.53
0.458 0.888 0.328 1.794 0.452 2.744 0.309 1.698 0.529 -0.6 0.287 1.722 -0.038 3.618 0.346 2.665 0.396 2.65 0.438 3.651 0.362 1.084 0.618 1.374 1.13 29.1
0.392 0.905 0.307 1.839 0.468 2.658 0.362 1.201 0.524 -0.721 0.343 1.665 0.092 3.647 0.327 2.668 0.372 2.587 0.46 3.514 0.344 1.116 0.676 0.875 1.13 29.25
0.427 1.103 0.287 2.011 0.508 2.819 0.413 0.884 0.574 -0.562 0.371 1.566 0.085 3.531 0.337 2.596 0.294 2.617 0.445 3.445 0.393 1.277 0.622 0.986 1.13 28.67
