0.48046875 0.5625 0.48046875 0.64453125 0.5625 0.5625 0.0 0.0 0.0 0.0 0.0 0.03125 24 26 24 24 22 23
0.48046875 0.5625 0.48046875 0.64453125 0.5625 0.5625 0.0 0.0 0.0 0.0 0.0 0.03125 24 26 24 24 22 23
0.48046875 0.5625 0.48046875 0.64453125 0.5625 0.5625 0.0 0.0 0.0 0.0 0.0 0.03125 24 26 24 24 22 23
0.48046875 0.5625 0.48046875 0.64453125 0.5625 0.5625 0.0 0.0 0.0 0.0 0.0 0.03125 24 26 24 24 22 23
0.48046875 0.5625 0.48046875 0.64453125 0.5625 0.5625 0.0 0.0 0.0 0.0 0.0 0.03125 24 26 24 24 22 23
0.48046875 0.5625 0.48046875 0.64453125 0.5625 0.5625 0.0 0.0 0.0 0.0 0.0 0.03125 24 26 24 24 22 23
0.48046875 0.5625 0.48046875 0.64453125 0.5625 0.5625 0.0 0.0 0.0 0.0 0.0 0.03125 24 26 24 24 22 23
0.48046875 0.5625 0.48046875 0.64453125 0.5625 0.5625 0.0 0.0 0.0 0.0 0.0 0.03125 24 26 24 24 22 23
0.48046875 0.5625 0.48046875 0.64453125 0.5625 0.5625 0.0 0.0 0.0 0.0 0.0 0.03125 24 26 24 24 22 23
0.48046875 0.5625 0.48046875 0.64453125 0.5625 0.5625 0.0 0.0 0.0 0.0 0.0 0.03125 24 26 24 24 22 23
0.48046875 0.5625 0.48046875 0.64453125 0.5625 0.5625 0.0 0.0 0.0 0.0 0.0 0.03125 24 26 24 24 22 23
0.48046875 0.5625 0.48046875 0.64453125 0.5625 0.5625 0.0 0.0 0.0 0.0 0.0 0.03125 24 26 24 24 22 23
0.48046875 0.5625 0.48046875 0.64453125 0.5625 0.5625 0.0 0.0 0.0 0.0 0.0 0.03125 24 26 24 24 22 23
0.48046875 0.5625 0.48046875 0.64453125 0.5625 0.5625 0.0 0.0 0.0 0.0 0.0 0.03125 24 26 24 24 22 23
0.48046875 0.5625 0.48046875 0.64453125 0.5625 0.5625 0.0 0.0 0.0 0.0 0.0 0.03125 24 26 24 24 22 23
0.48046875 0.5625 0.48046875 0.64453125 0.5625 0.5625 0.0 0.0 0.0 0.0 0.0 0.03125 24 26 24 24 22 23
0.48046875 0.5625 0.48046875 0.64453125 0.5625 0.5625 0.0 0.0 0.0 0.0 0.0 0.03125 24 26 24 24 22 23
0.48046875 0.5625 0.48046875 0.64453125 0.5625 0.5625 0.0 0.0 0.0 0.0 0.0 0.03125 24 26 24 24 22 23
0.48046875 0.5625 0.48046875 0.64453125 0.5625 0.5625 0.0 0.0 0.0 0.0 0.0 0.03125 24 26 24 24 22 23
0.48046875 0.5625 0.48046875 0.64453125 0.5625 0.5625 0.0 0.0 0.0 0.0 0.0 0.03125 24 26 24 24 22 23
0.48046875 0.5625 0.48046875 0.64453125 0.5625 0.5625 0.0 0.0 0.0 0.0 0.0 0.03125 24 26 24 24 22 23
0.48046875 0.5625 0.48046875 0.64453125 0.5625 0.5625 0.0 0.0 0.0 0.0 0.0 0.03125 24 26 24 24 22 23
0.48046875 0.5625 0.48046875 0.64453125 0.5625 0.5625 0.0 0.0 0.0 0.0 0.0 0.03125 24 26 24 24 22 23
0.48046875 0.5625 0.48046875 0.64453125 0.5625 0.5625 0.0 0.0 0.0 0.0 0.0 0.03125 24 26 24 24 22 23
0.48046875 0.5625 0.48046875 0.64453125 0.5625 0.5625 0.0 0.0 0.0 0.0 0.0 0.03125 24 26 24 24 22 23
0.48046875 0.5625 0.48046875 0.64453125 0.5625 0.5625 0.0 0.0 0.0 0.0 0.0 0.03125 24 26 24 24 22 23
0.48046875 0.5625 0.48046875 0.64453125 0.5625 0.5625 0.0 0.0 0.0 0.0 0.0 0.03125 24 26 26 24 22 23
0.48046875 0.5625 0.48046875 0.64453125 0.5625 0.5625 0.0 0.0 0.0 0.0 0.0 0.03125 24 26 24 24 22 23
0.48046875 0.5625 0.48046875 0.64453125 0.5625 0.5625 0.0 0.0 0.0 0.0 0.0 0.03125 24 26 24 24 22 23
0.48046875 0.5625 0.48046875 0.64453125 0.5625 0.5625 0.0 0.0 0.0 0.0 0.0 0.03125 24 26 24 24 22 23
0.48046875 0.5625 0.48046875 0.64453125 0.5625 0.5625 0.0 0.0 0.0 0.0 0.0 0.03125 24 26 24 24 22 23
0.48046875 0.5625 0.48046875 0.64453125 0.5625 0.5625 0.0 0.0 0.0 0.0 0.0 0.03125 24 26 24 24 22 23
0.48046875 0.5625 0.48046875 0.64453125 0.5625 0.5625 0.0 0.0 0.0 0.0 0.0 0.03125 24 26 24 24 22 23
0.48046875 0.5625 0.48046875 0.64453125 0.5625 0.5625 0.0 0.0 0.0 0.0 0.0 0.03125 24 26 24 24 22 23
0.48046875 0.5625 0.48046875 0.64453125 0.5625 0.5625 0.0 0.0 0.0 0.0 0.0 0.03125 24 26 24 24 22 23
0.48046875 0.5625 0.48046875 0.64453125 0.5625 0.5625 0.0 0.0 0.0 0.0 0.0 0.03125 24 26 24 24 22 23
0.48046875 0.5625 0.48046875 0.64453125 0.5625 0.5625 0.0 0.0 0.0 0.0 0.0 0.03125 24 26 24 24 22 23
0.48046875 0.5625 0.48046875 0.64453125 0.5625 0.5625 0.0 0.0 0.0 0.0 0.0 0.03125 24 26 24 24 22 23
0.48046875 0.5625 0.48046875 0.64453125 0.5625 0.5625 0.0 0.0 0.0 0.0 0.0 0.03125 24 26 24 24 22 23
0.48046875 0.5625 0.48046875 0.64453125 0.5625 0.5625 0.0 0.0 0.0 0.0 0.0 0.03125 24 26 24 24 22 23
0.48046875 0.5625 0.48046875 0.64453125 0.5625 0.5625 0.0 0.0 0.0 0.0 0.0 0.03125 24 26 24 24 22 23
0.48046875 0.5625 0.48046875 0.64453125 0.5625 0.5625 0.0 0.0 0.0 0.0 0.0 0.03125 24 26 24 24 22 23
0.48046875 0.5625 0.48046875 0.64453125 0.5625 0.5625 0.0 0.0 0.0 0.0 0.0 0.03125 24 26 24 24 22 23
0.48046875 0.5625 0.48046875 0.64453125 0.5625 0.5625 0.0 0.0 0.0 0.0 0.0 0.03125 24 26 24 24 22 23
0.48046875 0.5625 0.48046875 0.64453125 0.5625 0.5625 0.0 0.0 0.0 0.0 0.0 0.03125 24 26 24 24 22 23
0.48046875 0.5625 0.48046875 0.64453125 0.5625 0.5625 0.0 0.0 0.0 0.0 0.0 0.03125 24 26 24 24 22 23
0.48046875 0.5625 0.48046875 0.64453125 0.5625 0.5625 0.0 0.0 0.0 0.0 0.0 0.03125 24 26 24 24 22 23
0.48046875 0.5625 0.48046875 0.64453125 0.5625 0.5625 0.0 0.0 0.0 0.0 0.0 0.03125 24 26 24 24 22 23
0.48046875 0.5625 0.48046875 0.64453125 0.5625 0.5625 0.0 0.0 0.0 0.0 0.0 0.03125 24 26 24 24 22 23
0.48046875 0.5625 0.48046875 0.64453125 0.5625 0.5625 0.0 0.0 0.0 0.0 0.0 0.03125 24 26 24 24 22 23
0.48046875 0.5625 0.48046875 0.64453125 0.5625 0.5625 0.0 0.0 0.0 0.0 0.0 0.03125 24 26 24 24 22 23
0.48046875 0.5625 0.48046875 0.64453125 0.5625 0.5625 0.0 0.0 0.0 0.0 0.0 0.03125 24 26 24 24 22 23
0.48046875 0.5625 0.48046875 0.64453125 0.5625 0.5625 0.0 0.0 0.0 0.0 0.0 0.03125 24 26 24 24 22 23
0.48046875 0.5625 0.48046875 0.64453125 0.5625 0.5625 0.0 0.0 0.0 0.0 0.0 0.03125 24 26 24 24 22 23
0.48046875 0.5625 0.48046875 0.64453125 0.5625 0.5625 0.0 0.0 0.0 0.0 0.0 0.03125 24 26 24 24 22 23
0.48046875 0.5625 0.48046875 0.64453125 0.5625 0.5625 0.0 0.0 0.0 0.0 0.0 0.03125 24 26 24 24 22 23
0.48046875 0.5625 0.48046875 0.64453125 0.5625 0.5625 0.0 0.0 0.0 0.0 0.0 0.03125 24 26 24 24 24 23
0.48046875 0.5625 0.48046875 0.64453125 0.5625 0.5625 0.0 0.0 0.0 0.0 0.0 0.03125 24 26 24 24 22 23
0.48046875 0.5625 0.48046875 0.64453125 0.5625 0.5625 0.0 0.0 0.0 0.0 0.0 0.03125 24 26 24 24 22 23
0.48046875 0.5625 0.48046875 0.64453125 0.5625 0.5625 0.0 0.0 0.0 0.0 0.0 0.03125 24 26 24 24 22 23
0.48046875 0.5625 0.48046875 0.64453125 0.5625 0.5625 0.0 0.0 0.0 0.0 0.0 0.03125 24 26 24 24 22 23
0.48046875 0.5625 0.48046875 0.64453125 0.5625 0.5625 0.0 0.0 0.0 0.0 0.0 0.03125 24 26 24 24 22 23
0.48046875 0.5625 0.48046875 0.64453125 0.5625 0.5625 0.0 0.0 0.0 0.0 0.0 0.03125 24 26 24 24 22 23
0.48046875 0.5625 0.48046875 0.64453125 0.5625 0.5625 0.0 0.0 0.0 0.0 0.0 0.03125 24 26 24 24 22 23
0.48046875 0.48046875 0.48046875 0.64453125 0.5625 0.5625 0.0 0.0 0.0 0.0 0.0 0.03125 24 26 24 24 22 23
0.48046875 0.5625 0.48046875 0.64453125 0.5625 0.5625 0.0 0.0 0.0 0.0 0.0 0.03125 24 26 24 24 22 23
0.48046875 0.5625 0.48046875 0.64453125 0.5625 0.5625 0.0 0.0 0.0 0.0 0.0 0.03125 24 26 24 24 22 23
0.48046875 0.5625 0.48046875 0.64453125 0.5625 0.5625 0.0 0.0 0.0 0.0 0.0 0.03125 24 26 24 24 22 23
0.48046875 0.5625 0.48046875 0.64453125 0.5625 0.5625 0.0 0.0 0.0 0.0 0.0 0.03125 24 26 24 24 22 23
0.48046875 0.5625 0.48046875 0.64453125 0.5625 0.5625 0.0 0.0 0.0 0.0 0.0 0.03125 24 26 24 24 22 23
0.48046875 0.5625 0.48046875 0.64453125 0.5625 0.5625 0.0 0.0 0.0 0.0 0.0 0.03125 24 26 24 24 22 23
0.48046875 0.5625 0.48046875 0.64453125 0.5625 0.5625 0.0 0.0 0.0 0.0 0.0 0.03125 24 26 24 24 22 23
0.48046875 0.5625 0.48046875 0.64453125 0.5625 0.5625 0.0 0.0 0.0 0.0 0.0 0.03125 24 26 24 24 22 23
0.48046875 0.5625 0.48046875 0.64453125 0.5625 0.5625 0.0 0.0 0.0 0.0 0.0 0.03125 24 26 24 24 22 23
0.48046875 0.5625 0.48046875 0.64453125 0.5625 0.5625 0.0 0.0 0.0 0.0 0.0 0.03125 24 26 24 24 22 23
0.48046875 0.5625 0.48046875 0.64453125 0.5625 0.5625 0.0 0.0 0.0 0.0 0.0 0.03125 24 26 24 24 22 23
0.48046875 0.5625 0.48046875 0.64453125 0.5625 0.5625 0.0 0.0 0.0 0.0 0.0 0.03125 24 26 24 24 22 23
0.48046875 0.5625 0.48046875 0.64453125 0.5625 0.5625 0.0 0.0 0.0 0.0 0.0 0.03125 24 26 24 24 22 23
0.48046875 0.5625 0.48046875 0.64453125 0.5625 0.5625 0.0 0.0 0.0 0.0 0.0 0.03125 24 26 24 24 22 23
0.48046875 0.5625 0.48046875 0.64453125 0.5625 0.5625 0.0 0.0 0.0 0.0 0.0 0.03125 24 26 24 24 22 23
0.48046875 0.5625 0.48046875 0.64453125 0.5625 0.5625 0.0 0.0 0.0 0.0 0.0 0.03125 24 26 24 24 22 23
0.48046875 0.5625 0.48046875 0.64453125 0.5625 0.5625 0.0 0.0 0.0 0.0 0.0 0.03125 24 26 24 24 22 23
0.48046875 0.5625 0.48046875 0.64453125 0.5625 0.5625 0.0 0.0 0.0 0.0 0.0 0.03125 24 26 24 24 22 23
0.48046875 0.5625 0.48046875 0.64453125 0.5625 0.5625 0.0 0.0 0.0 0.0 0.0 0.03125 24 26 24 24 22 23
0.48046875 0.5625 0.48046875 0.64453125 0.5625 0.5625 0.0 0.0 0.0 0.0 0.0 0.03125 24 26 24 24 22 23
0.48046875 0.5625 0.48046875 0.64453125 0.5625 0.5625 0.0 0.0 0.0 0.0 0.0 0.03125 24 26 24 24 22 23
0.48046875 0.5625 0.48046875 0.64453125 0.5625 0.5625 0.0 0.0 0.0 0.0 0.0 0.03125 24 26 24 24 22 23
0.48046875 0.5625 0.48046875 0.64453125 0.5625 0.5625 0.0 0.0 0.0 0.0 0.0 0.03125 24 26 24 24 22 23
0.48046875 0.5625 0.48046875 0.64453125 0.5625 0.5625 0.0 0.0 0.0 0.0 0.0 0.03125 24 26 24 24 22 23
0.48046875 0.48046875 0.48046875 0.64453125 0.5625 0.5625 0.0 0.0 0.0 0.0 0.0 0.03125 24 26 24 24 22 23
0.48046875 0.5625 0.48046875 0.64453125 0.5625 0.5625 0.0 0.0 0.0 0.0 0.0 0.03125 24 26 24 24 22 23
0.48046875 0.5625 0.48046875 0.64453125 0.5625 0.5625 0.0 0.0 0.0 0.0 0.0 0.03125 24 26 24 24 22 23
0.48046875 0.5625 0.48046875 0.64453125 0.5625 0.5625 0.0 0.0 0.0 0.0 0.0 0.03125 24 26 24 24 22 23
0.48046875 0.5625 0.48046875 0.64453125 0.5625 0.5625 0.0 0.0 0.0 0.0 0.0 0.03125 24 26 24 24 22 23
0.48046875 0.5625 0.48046875 0.64453125 0.5625 0.5625 0.0 0.0 0.0 0.0 0.0 0.03125 24 26 24 24 22 23
0.48046875 0.5625 0.48046875 0.64453125 0.5625 0.5625 0.0 0.0 0.0 0.0 0.0 0.03125 24 26 24 24 22 23
0.48046875 0.5625 0.48046875 0.64453125 0.5625 0.5625 0.0 0.0 0.0 0.0 0.0 0.03125 24 26 24 24 22 23
0.48046875 0.5625 0.48046875 0.64453125 0.5625 0.5625 0.0 0.0 0.0 0.0 0.0 0.03125 24 26 24 24 22 23
0.48046875 0.5625 0.48046875 0.64453125 0.5625 0.5625 0.0 0.0 0.0 0.0 0.0 0.03125 24 26 24 24 22 23
0.48046875 0.5625 0.48046875 0.64453125 0.5625 0.5625 0.0 0.0 0.0 0.0 0.0 0.03125 24 26 24 24 22 23
0.48046875 0.5625 0.48046875 0.64453125 0.5625 0.5625 0.0 0.0 0.0 0.0 0.0 0.03125 24 26 24 24 22 23
0.48046875 0.5625 0.48046875 0.64453125 0.5625 0.5625 0.0 0.0 0.0 0.0 0.0 0.03125 24 26 24 24 22 23
0.48046875 0.5625 0.48046875 0.64453125 0.5625 0.5625 0.0 0.0 0.0 0.0 0.0 0.03125 24 26 24 24 22 23
0.48046875 0.5625 0.48046875 0.64453125 0.5625 0.5625 0.0 0.0 0.0 0.0 0.0 0.03125 24 26 24 24 22 23
0.48046875 0.5625 0.48046875 0.64453125 0.5625 0.5625 0.0 0.0 0.0 0.0 0.0 0.03125 24 26 24 24 22 23
0.48046875 0.5625 0.48046875 0.64453125 0.5625 0.5625 0.0 0.0 0.0 0.0 0.0 0.03125 24 26 24 24 22 23
0.48046875 0.5625 0.48046875 0.64453125 0.5625 0.5625 0.0 0.0 0.0 0.0 0.0 0.03125 24 26 24 24 22 23
0.48046875 0.5625 0.48046875 0.64453125 0.5625 0.5625 0.0 0.0 0.0 0.0 0.0 0.03125 24 26 24 24 22 23
0.48046875 0.5625 0.48046875 0.64453125 0.5625 0.5625 0.0 0.0 0.0 0.0 0.0 0.03125 24 26 24 24 22 23
0.48046875 0.5625 0.48046875 0.64453125 0.5625 0.5625 0.0 0.0 0.0 0.0 0.0 0.03125 24 26 24 24 22 23
0.48046875 0.5625 0.48046875 0.64453125 0.5625 0.5625 0.0 0.0 0.0 0.0 0.0 0.03125 24 26 24 24 22 23
0.48046875 0.5625 0.48046875 0.64453125 0.5625 0.5625 0.0 0.0 0.0 0.0 0.0 0.03125 24 26 24 24 22 23
0.48046875 0.5625 0.48046875 0.64453125 0.5625 0.5625 0.0 0.0 0.0 0.0 0.0 0.03125 24 26 24 24 22 23
0.48046875 0.5625 0.48046875 0.64453125 0.5625 0.5625 0.0 0.0 0.0 0.0 0.0 0.03125 24 26 24 24 22 23
0.48046875 0.5625 0.48046875 0.64453125 0.5625 0.5625 0.0 0.0 0.0 0.0 0.0 0.03125 24 26 24 24 22 23
0.48046875 0.5625 0.48046875 0.64453125 0.5625 0.5625 0.0 0.0 0.0 0.0 0.0 0.03125 24 26 24 24 22 23
0.48046875 0.5625 0.48046875 0.64453125 0.5625 0.5625 0.0 0.0 0.0 0.0 0.0 0.03125 24 26 24 24 22 23
0.5625 0.5625 0.48046875 0.64453125 0.5625 0.5625 0.0 0.0 0.0 0.0 0.0 0.03125 24 26 24 24 22 23
0.48046875 0.5625 0.48046875 0.64453125 0.5625 0.5625 0.0 0.0 0.0 0.0 0.0 0.03125 24 26 24 24 22 23
0.48046875 0.5625 0.48046875 0.64453125 0.5625 0.5625 0.0 0.0 0.0 0.0 0.0 0.03125 24 26 24 24 22 23
0.48046875 0.5625 0.48046875 0.64453125 0.5625 0.5625 0.0 0.0 0.0 0.0 0.0 0.03125 24 26 24 24 22 23
0.48046875 0.5625 0.48046875 0.64453125 0.5625 0.5625 0.0 0.0 0.0 0.0 0.0 0.03125 24 26 24 24 22 23
0.48046875 0.5625 0.48046875 0.64453125 0.5625 0.5625 0.0 0.0 0.0 0.0 0.0 0.03125 24 26 24 24 22 23
0.48046875 0.5625 0.48046875 0.64453125 0.5625 0.5625 0.0 0.0 0.0 0.0 0.0 0.03125 24 26 24 24 22 23
0.48046875 0.5625 0.48046875 0.64453125 0.5625 0.5625 0.0 0.0 0.0 0.0 0.0 0.03125 24 26 24 24 22 23
0.48046875 0.5625 0.48046875 0.64453125 0.5625 0.5625 0.0 0.0 0.0 0.0 0.0 0.03125 24 26 24 24 22 23
0.48046875 0.5625 0.48046875 0.64453125 0.5625 0.5625 0.0 0.0 0.0 0.0 0.0 0.03125 24 26 24 24 22 23
0.48046875 0.5625 0.48046875 0.64453125 0.5625 0.5625 0.0 0.0 0.0 0.0 0.0 0.03125 24 26 24 24 22 23
0.48046875 0.5625 0.48046875 0.64453125 0.5625 0.5625 0.0 0.0 0.0 0.0 0.0 0.03125 24 26 24 24 22 23
0.48046875 0.5625 0.48046875 0.64453125 0.5625 0.5625 0.0 0.0 0.0 0.0 0.0 0.03125 24 26 24 24 22 23
0.48046875 0.5625 0.48046875 0.64453125 0.5625 0.5625 0.0 0.0 0.0 0.0 0.0 0.03125 24 26 24 24 22 23
0.48046875 0.5625 0.48046875 0.64453125 0.5625 0.5625 0.0 0.0 0.0 0.0 0.0 0.03125 24 26 24 24 22 23
0.48046875 0.5625 0.48046875 0.64453125 0.5625 0.5625 0.0 0.0 0.0 0.0 0.0 0.03125 24 26 24 24 22 23
0.48046875 0.5625 0.5625 0.64453125 0.5625 0.5625 0.0 0.0 0.0 0.0 0.0 0.03125 24 26 24 24 22 23
0.48046875 0.5625 0.48046875 0.64453125 0.5625 0.5625 0.0 0.0 0.0 0.0 0.0 0.03125 24 26 24 24 22 23
0.48046875 0.5625 0.48046875 0.64453125 0.5625 0.5625 0.0 0.0 0.0 0.0 0.0 0.03125 24 26 24 24 22 23
0.48046875 0.5625 0.48046875 0.64453125 0.5625 0.5625 0.0 0.0 0.0 0.0 0.0 0.03125 24 26 24 24 22 23
0.48046875 0.5625 0.48046875 0.64453125 0.5625 0.5625 0.0 0.0 0.0 0.0 0.0 0.03125 24 26 24 24 24 23
0.48046875 0.5625 0.48046875 0.64453125 0.5625 0.5625 0.0 0.0 0.0 0.0 0.0 0.03125 24 26 24 24 22 23
0.48046875 0.5625 0.48046875 0.64453125 0.5625 0.5625 0.0 0.0 0.0 0.0 0.0 0.03125 24 26 24 24 22 22
0.48046875 0.5625 0.48046875 0.64453125 0.5625 0.5625 0.0 0.0 0.0 0.0 0.0 0.03125 24 26 24 24 22 23
0.48046875 0.5625 0.48046875 0.64453125 0.5625 0.5625 0.0 0.0 0.0 0.0 0.0 0.03125 24 26 24 24 22 23
0.48046875 0.5625 0.48046875 0.64453125 0.5625 0.5625 0.0 0.0 0.0 0.0 0.0 0.03125 24 26 24 24 22 23
0.48046875 0.5625 0.48046875 0.64453125 0.5625 0.5625 0.0 0.0 0.0 0.0 0.0 0.03125 24 26 24 24 22 23
0.48046875 0.5625 0.48046875 0.64453125 0.5625 0.5625 0.0 0.0 0.0 0.0 0.0 0.03125 24 26 24 24 22 23
0.48046875 0.5625 0.48046875 0.64453125 0.5625 0.5625 0.0 0.0 0.0 0.0 0.0 0.03125 24 26 24 24 22 23
0.48046875 0.5625 0.48046875 0.64453125 0.5625 0.5625 0.0 0.0 0.0 0.0 0.0 0.03125 24 26 24 24 22 23
0.48046875 0.5625 0.48046875 0.64453125 0.5625 0.5625 0.0 0.0 0.0 0.0 0.0 0.03125 24 26 24 24 22 23
0.48046875 0.5625 0.48046875 0.64453125 0.5625 0.5625 0.0 0.0 0.0 0.0 0.0 0.03125 24 26 24 24 22 23
0.48046875 0.5625 0.48046875 0.64453125 0.5625 0.5625 0.0 0.0 0.0 0.0 0.0 0.03125 24 26 24 24 22 23
0.48046875 0.5625 0.48046875 0.64453125 0.5625 0.5625 0.0 0.0 0.0 0.0 0.0 0.03125 24 26 24 24 22 23
0.48046875 0.5625 0.48046875 0.64453125 0.5625 0.5625 0.0 0.0 0.0 0.0 0.0 0.03125 24 26 24 24 22 23
0.48046875 0.5625 0.48046875 0.64453125 0.5625 0.5625 0.0 0.0 0.0 0.0 0.0 0.03125 24 26 24 24 22 23
0.48046875 0.5625 0.48046875 0.64453125 0.5625 0.5625 0.0 0.0 0.0 0.0 0.0 0.03125 24 26 24 24 22 23
0.48046875 0.5625 0.48046875 0.64453125 0.5625 0.5625 0.0 0.0 0.0 0.0 0.0 0.03125 24 26 24 24 22 23
0.48046875 0.5625 0.48046875 0.64453125 0.5625 0.5625 0.0 0.0 0.0 0.0 0.0 0.03125 24 26 24 24 22 23
0.48046875 0.5625 0.48046875 0.64453125 0.5625 0.5625 0.0 0.0 0.0 0.0 0.0 0.03125 24 26 24 24 24 23
0.48046875 0.5625 0.48046875 0.64453125 0.5625 0.5625 0.0 0.0 0.0 0.0 0.0 0.03125 24 26 24 24 22 23
0.48046875 0.5625 0.48046875 0.64453125 0.5625 0.5625 0.0 0.0 0.0 0.0 0.0 0.03125 24 26 24 24 22 23
0.48046875 0.5625 0.48046875 0.64453125 0.5625 0.5625 0.0 0.0 0.0 0.0 0.0 0.03125 24 26 24 24 22 23
0.48046875 0.5625 0.48046875 0.64453125 0.5625 0.5625 0.0 0.0 0.0 0.0 0.0 0.03125 24 26 24 24 22 23
0.48046875 0.5625 0.48046875 0.64453125 0.5625 0.5625 0.0 0.0 0.0 0.0 0.0 0.03125 24 26 24 24 22 23
0.48046875 0.5625 0.48046875 0.64453125 0.5625 0.5625 0.0 0.0 0.0 0.0 0.0 0.03125 24 26 24 24 22 23
0.48046875 0.5625 0.48046875 0.64453125 0.5625 0.5625 0.0 0.0 0.0 0.0 0.0 0.03125 24 26 24 24 22 23
0.48046875 0.5625 0.48046875 0.64453125 0.5625 0.5625 0.0 0.0 0.0 0.0 0.0 0.03125 24 26 24 24 22 23
0.48046875 0.5625 0.48046875 0.64453125 0.5625 0.5625 0.0 0.0 0.0 0.0 0.0 0.03125 24 26 24 24 22 23
0.48046875 0.5625 0.48046875 0.64453125 0.5625 0.5625 0.0 0.0 0.0 0.0 0.0 0.03125 24 26 24 24 22 23
0.48046875 0.5625 0.48046875 0.64453125 0.5625 0.5625 0.0 0.0 0.0 0.0 0.0 0.03125 24 26 24 24 22 23
0.48046875 0.5625 0.48046875 0.64453125 0.5625 0.5625 0.0 0.0 0.0 0.0 0.0 0.03125 24 26 24 24 22 23
0.48046875 0.5625 0.48046875 0.64453125 0.5625 0.5625 0.0 0.0 0.0 0.0 0.0 0.03125 24 26 24 24 22 23
0.48046875 0.5625 0.48046875 0.64453125 0.5625 0.5625 0.0 0.0 0.0 0.0 0.0 0.03125 24 26 24 24 22 23
0.48046875 0.5625 0.48046875 0.64453125 0.5625 0.5625 0.0 0.0 0.0 0.0 0.0 0.03125 24 26 24 24 22 23
0.48046875 0.5625 0.48046875 0.64453125 0.5625 0.5625 0.0 0.0 0.0 0.0 0.0 0.03125 24 26 24 24 22 23
0.48046875 0.5625 0.48046875 0.48046875 0.5625 0.5625 0.0 0.0 0.0 0.0 0.0 0.03125 24 26 24 24 22 23
0.48046875 0.5625 0.48046875 0.64453125 0.5625 0.5625 0.0 0.0 0.0 0.0 0.0 0.03125 24 26 24 24 22 23
0.48046875 0.5625 0.48046875 0.64453125 0.5625 0.5625 0.0 0.0 0.0 0.0 0.0 0.03125 24 26 24 24 22 23
0.48046875 0.5625 0.48046875 0.64453125 0.5625 0.5625 0.0 0.0 0.0 0.0 0.0 0.03125 24 26 24 24 22 23
0.48046875 0.5625 0.48046875 0.64453125 0.5625 0.5625 0.0 0.0 0.0 0.0 0.0 0.03125 24 26 24 24 22 23
0.48046875 0.5625 0.48046875 0.64453125 0.5625 0.5625 0.0 0.0 0.0 0.0 0.0 0.03125 24 26 24 24 22 23
0.48046875 0.5625 0.48046875 0.64453125 0.5625 0.5625 0.0 0.0 0.0 0.0 0.0 0.03125 24 26 24 24 22 23
0.48046875 0.5625 0.48046875 0.64453125 0.5625 0.5625 0.0 0.0 0.0 0.0 0.0 0.03125 24 26 24 24 22 23
0.48046875 0.5625 0.48046875 0.64453125 0.5625 0.5625 0.0 0.0 0.0 0.0 0.0 0.03125 24 26 24 24 22 23
0.48046875 0.5625 0.48046875 0.64453125 0.5625 0.5625 0.0 0.0 0.0 0.0 0.0 0.03125 24 26 24 24 22 23
0.48046875 0.5625 0.48046875 0.64453125 0.5625 0.5625 0.0 0.0 0.0 0.0 0.0 0.03125 24 26 24 24 22 23
0.48046875 0.5625 0.48046875 0.64453125 0.5625 0.5625 0.0 0.0 0.0 0.0 0.0 0.03125 24 26 24 24 22 23
0.48046875 0.5625 0.48046875 0.64453125 0.5625 0.5625 0.0 0.0 0.0 0.0 0.0 0.03125 24 26 24 24 22 23
0.48046875 0.5625 0.48046875 0.64453125 0.5625 0.5625 0.0 0.0 0.0 0.0 0.0 0.03125 24 26 24 24 22 23
0.48046875 0.5625 0.48046875 0.64453125 0.5625 0.5625 0.0 0.0 0.0 0.0 0.0 0.03125 24 26 24 24 22 23
0.48046875 0.5625 0.48046875 0.64453125 0.5625 0.5625 0.0 0.0 0.0 0.0 0.0 0.03125 24 26 24 24 22 23
0.48046875 0.5625 0.48046875 0.64453125 0.5625 0.5625 0.0 0.0 0.0 0.0 0.0 0.03125 24 26 24 24 22 23
0.48046875 0.5625 0.48046875 0.64453125 0.5625 0.5625 0.0 0.0 0.0 0.0 0.0 0.03125 24 26 24 24 22 23
0.48046875 0.5625 0.48046875 0.64453125 0.5625 0.5625 0.0 0.0 0.0 0.0 0.0 0.03125 24 26 24 24 22 23
0.48046875 0.5625 0.48046875 0.64453125 0.5625 0.5625 0.0 0.0 0.0 0.0 0.0 0.03125 24 26 24 24 22 23
0.48046875 0.5625 0.48046875 0.64453125 0.5625 0.5625 0.0 0.0 0.0 0.0 0.0 0.03125 24 26 24 24 22 23
0.48046875 0.5625 0.48046875 0.64453125 0.5625 0.5625 0.0 0.0 0.0 0.0 0.0 0.03125 24 26 24 24 22 23
0.48046875 0.5625 0.48046875 0.64453125 0.5625 0.5625 0.0 0.0 0.0 0.0 0.0 0.03125 24 26 24 24 22 23
0.48046875 0.5625 0.48046875 0.64453125 0.5625 0.5625 0.0 0.0 0.0 0.0 0.0 0.03125 24 26 24 24 22 23
0.48046875 0.5625 0.48046875 0.64453125 0.5625 0.5625 0.0 0.0 0.0 0.0 0.0 0.03125 24 26 24 24 22 23
0.48046875 0.5625 0.48046875 0.64453125 0.5625 0.5625 0.0 0.0 0.0 0.0 0.0 0.03125 24 26 24 24 22 23
0.48046875 0.5625 0.48046875 0.64453125 0.5625 0.5625 0.0 0.0 0.0 0.0 0.0 0.03125 24 26 24 24 22 23
0.48046875 0.5625 0.48046875 0.64453125 0.5625 0.5625 0.0 0.0 0.0 0.0 0.0 0.03125 24 26 24 24 22 23
0.48046875 0.5625 0.48046875 0.64453125 0.5625 0.5625 0.0 0.0 0.0 0.0 0.0 0.03125 24 26 24 24 22 23
0.48046875 0.5625 0.48046875 0.64453125 0.5625 0.5625 0.0 0.0 0.0 0.0 0.0 0.03125 24 26 24 24 22 23
0.48046875 0.5625 0.48046875 0.64453125 0.5625 0.5625 0.0 0.0 0.0 0.0 0.0 0.03125 24 26 24 24 22 23
0.48046875 0.5625 0.48046875 0.64453125 0.5625 0.5625 0.0 0.0 0.0 0.0 0.0 0.03125 24 26 24 24 22 23
0.48046875 0.5625 0.48046875 0.64453125 0.5625 0.5625 0.0 0.0 0.0 0.0 0.0 0.03125 24 26 24 24 22 23
0.48046875 0.5625 0.48046875 0.64453125 0.5625 0.5625 0.0 0.0 0.0 0.0 0.0 0.03125 24 26 24 24 22 23
0.48046875 0.5625 0.48046875 0.64453125 0.5625 0.5625 0.0 0.0 0.0 0.0 0.0 0.03125 24 26 24 24 22 23
0.48046875 0.5625 0.48046875 0.64453125 0.5625 0.5625 0.0 0.0 0.0 0.0 0.0 0.03125 24 26 24 24 22 23
0.48046875 0.5625 0.48046875 0.64453125 0.5625 0.5625 0.0 0.0 0.0 0.0 0.0 0.03125 24 26 24 24 22 23
0.48046875 0.5625 0.48046875 0.64453125 0.5625 0.5625 0.0 0.0 0.0 0.0 0.0 0.03125 24 26 24 24 22 23
0.48046875 0.5625 0.48046875 0.64453125 0.5625 0.5625 0.0 0.0 0.0 0.0 0.0 0.03125 24 26 24 24 22 23
0.48046875 0.5625 0.48046875 0.64453125 0.5625 0.5625 0.0 0.0 0.0 0.0 0.0 0.03125 24 26 24 24 22 23
0.48046875 0.5625 0.48046875 0.64453125 0.5625 0.5625 0.0 0.0 0.0 0.0 0.0 0.03125 24 26 24 24 22 23
0.48046875 0.5625 0.48046875 0.64453125 0.5625 0.5625 0.0 0.0 0.0 0.0 0.0 0.03125 24 26 24 24 22 23
0.48046875 0.5625 0.48046875 0.64453125 0.5625 0.5625 0.0 0.0 0.0 0.0 0.0 0.03125 24 26 24 24 22 23
0.48046875 0.5625 0.48046875 0.64453125 0.5625 0.5625 0.0 0.0 0.0 0.0 0.0 0.03125 24 26 24 24 22 23
0.48046875 0.5625 0.48046875 0.64453125 0.5625 0.5625 0.0 0.0 0.0 0.0 0.0 0.03125 24 26 24 24 22 23
0.48046875 0.5625 0.48046875 0.64453125 0.5625 0.5625 0.0 0.0 0.0 0.0 0.0 0.03125 24 26 24 24 22 23
0.48046875 0.5625 0.48046875 0.64453125 0.5625 0.5625 0.0 0.0 0.0 0.0 0.0 0.03125 24 26 24 24 22 23
0.48046875 0.5625 0.48046875 0.64453125 0.5625 0.5625 0.0 0.0 0.0 0.0 0.0 0.03125 24 26 24 24 22 23
